\BOOKMARK [0][-]{section*.1}{Declaration\040of\040Authorship}{}% 1
\BOOKMARK [0][-]{section*.2}{Abstract}{}% 2
\BOOKMARK [0][-]{chapter.5}{Introduction}{}% 3
\BOOKMARK [1][-]{section.6}{Background}{chapter.5}% 4
\BOOKMARK [1][-]{section.7}{Objective\040of\040OPAC}{chapter.5}% 5
\BOOKMARK [1][-]{section.8}{Multiple\040Regression\040Estimation}{chapter.5}% 6
\BOOKMARK [0][-]{chapter.9}{Data\040Pre-processing}{}% 7
\BOOKMARK [1][-]{section.10}{Missing\040Values}{chapter.9}% 8
\BOOKMARK [1][-]{section.13}{Time\040Data\040Processing}{chapter.9}% 9
\BOOKMARK [0][-]{chapter.15}{Original\040Data\040Analysis}{}% 10
\BOOKMARK [1][-]{section.16}{Full\040Model\040Estimation}{chapter.15}% 11
\BOOKMARK [1][-]{section.19}{Model\040with\040Natural\040Logrithm}{chapter.15}% 12
\BOOKMARK [1][-]{section.21}{Interaction\040Model}{chapter.15}% 13
\BOOKMARK [1][-]{section.23}{Stepwise\040Method}{chapter.15}% 14
\BOOKMARK [0][-]{chapter.25}{New\040Model\040Esitmation\040and\040Data\040Diagnostics}{}% 15
\BOOKMARK [1][-]{section.26}{Spring\040Winter\040Model}{chapter.25}% 16
\BOOKMARK [0][-]{chapter.36}{Conclusion}{}% 17
\BOOKMARK [1][-]{section.37}{Conlcusion}{chapter.36}% 18
\BOOKMARK [0][-]{appendix.38}{R\040Code}{}% 19
\BOOKMARK [0][-]{appendix*.39}{Bibliography}{}% 20
